# JRE version: OpenJDK Runtime Environment (11.0.9.1+1) (build 11.0.9.1+1-Ubuntu-0ubuntu1.20.04)
# Java VM: OpenJDK 64-Bit Server VM (11.0.9.1+1-Ubuntu-0ubuntu1.20.04, mixed mode, sharing, tiered, compressed oops, g1 gc, linux-amd64)
Heap:
 garbage-first heap   total 34816K, used 5514K [0x00000000e1000000, 0x0000000100000000)
  region size 1024K, 5 young (5120K), 2 survivors (2048K)
 Metaspace       used 13149K, capacity 13688K, committed 13824K, reserved 1060864K
  class space    used 1485K, capacity 1742K, committed 1792K, reserved 1048576K
GC Heap History (6 events):
Event: 5,767 GC heap before
{Heap before GC invocations=0 (full 0):
 garbage-first heap   total 34816K, used 7880K [0x00000000e1000000, 0x0000000100000000)
  region size 1024K, 7 young (7168K), 0 survivors (0K)
 Metaspace       used 4007K, capacity 5103K, committed 5248K, reserved 1056768K
  class space    used 382K, capacity 533K, committed 640K, reserved 1048576K
}
Event: 5,902 GC heap after
{Heap after GC invocations=1 (full 0):
 garbage-first heap   total 34816K, used 2050K [0x00000000e1000000, 0x0000000100000000)
  region size 1024K, 1 young (1024K), 1 survivors (1024K)
 Metaspace       used 4007K, capacity 5103K, committed 5248K, reserved 1056768K
  class space    used 382K, capacity 533K, committed 640K, reserved 1048576K
}
Event: 8,506 GC heap before
{Heap before GC invocations=1 (full 0):
 garbage-first heap   total 34816K, used 6146K [0x00000000e1000000, 0x0000000100000000)
  region size 1024K, 5 young (5120K), 1 survivors (1024K)
 Metaspace       used 6583K, capacity 6944K, committed 7040K, reserved 1056768K
  class space    used 667K, capacity 840K, committed 896K, reserved 1048576K
}
Event: 8,568 GC heap after
{Heap after GC invocations=2 (full 0):
 garbage-first heap   total 34816K, used 2649K [0x00000000e1000000, 0x0000000100000000)
  region size 1024K, 1 young (1024K), 1 survivors (1024K)
 Metaspace       used 6583K, capacity 6944K, committed 7040K, reserved 1056768K
  class space    used 667K, capacity 840K, committed 896K, reserved 1048576K
}
Event: 10,203 GC heap before
{Heap before GC invocations=2 (full 0):
 garbage-first heap   total 34816K, used 10841K [0x00000000e1000000, 0x0000000100000000)
  region size 1024K, 9 young (9216K), 1 survivors (1024K)
 Metaspace       used 11189K, capacity 11712K, committed 11776K, reserved 1058816K
  class space    used 1277K, capacity 1532K, committed 1536K, reserved 1048576K
}
Event: 10,240 GC heap after
{Heap after GC invocations=3 (full 0):
 garbage-first heap   total 34816K, used 3466K [0x00000000e1000000, 0x0000000100000000)
  region size 1024K, 2 young (2048K), 2 survivors (2048K)
 Metaspace       used 11189K, capacity 11712K, committed 11776K, reserved 1058816K
  class space    used 1277K, capacity 1532K, committed 1536K, reserved 1048576K
}

