# JRE version: OpenJDK Runtime Environment (11.0.9.1+1) (build 11.0.9.1+1-Ubuntu-0ubuntu1.20.04)
# Java VM: OpenJDK 64-Bit Server VM (11.0.9.1+1-Ubuntu-0ubuntu1.20.04, mixed mode, sharing, tiered, compressed oops, g1 gc, linux-amd64)
Heap:
 garbage-first heap   total 34816K, used 4876K [0x00000000e1000000, 0x0000000100000000)
  region size 1024K, 4 young (4096K), 2 survivors (2048K)
 Metaspace       used 14102K, capacity 14659K, committed 14976K, reserved 1062912K
  class space    used 1527K, capacity 1808K, committed 1920K, reserved 1048576K
GC Heap History (6 events):
Event: 4,993 GC heap before
{Heap before GC invocations=0 (full 0):
 garbage-first heap   total 34816K, used 7880K [0x00000000e1000000, 0x0000000100000000)
  region size 1024K, 7 young (7168K), 0 survivors (0K)
 Metaspace       used 3959K, capacity 5095K, committed 5248K, reserved 1056768K
  class space    used 381K, capacity 531K, committed 640K, reserved 1048576K
}
Event: 5,030 GC heap after
{Heap after GC invocations=1 (full 0):
 garbage-first heap   total 34816K, used 2045K [0x00000000e1000000, 0x0000000100000000)
  region size 1024K, 1 young (1024K), 1 survivors (1024K)
 Metaspace       used 3959K, capacity 5095K, committed 5248K, reserved 1056768K
  class space    used 381K, capacity 531K, committed 640K, reserved 1048576K
}
Event: 9,839 GC heap before
{Heap before GC invocations=1 (full 0):
 garbage-first heap   total 34816K, used 7165K [0x00000000e1000000, 0x0000000100000000)
  region size 1024K, 6 young (6144K), 1 survivors (1024K)
 Metaspace       used 6905K, capacity 7247K, committed 7424K, reserved 1056768K
  class space    used 716K, capacity 900K, committed 1024K, reserved 1048576K
}
Event: 9,855 GC heap after
{Heap after GC invocations=2 (full 0):
 garbage-first heap   total 34816K, used 2814K [0x00000000e1000000, 0x0000000100000000)
  region size 1024K, 1 young (1024K), 1 survivors (1024K)
 Metaspace       used 6905K, capacity 7247K, committed 7424K, reserved 1056768K
  class space    used 716K, capacity 900K, committed 1024K, reserved 1048576K
}
Event: 66,539 GC heap before
{Heap before GC invocations=2 (full 0):
 garbage-first heap   total 34816K, used 13054K [0x00000000e1000000, 0x0000000100000000)
  region size 1024K, 12 young (12288K), 1 survivors (1024K)
 Metaspace       used 14019K, capacity 14563K, committed 14848K, reserved 1062912K
  class space    used 1524K, capacity 1776K, committed 1792K, reserved 1048576K
}
Event: 66,580 GC heap after
{Heap after GC invocations=3 (full 0):
 garbage-first heap   total 34816K, used 3852K [0x00000000e1000000, 0x0000000100000000)
  region size 1024K, 2 young (2048K), 2 survivors (2048K)
 Metaspace       used 14019K, capacity 14563K, committed 14848K, reserved 1062912K
  class space    used 1524K, capacity 1776K, committed 1792K, reserved 1048576K
}

